{
  "RSpec": {
    "coverage": {
      "/Users/kenl/Turing/3mod/projects/demeter/demeter-fe/config/environment.rb": {
        "lines": [
          null,
          1,
          null,
          null,
          1
        ]
      },
      "/Users/kenl/Turing/3mod/projects/demeter/demeter-fe/config/application.rb": {
        "lines": [
          1,
          null,
          1,
          null,
          1,
          1,
          1,
          1,
          1,
          1,
          1,
          1,
          1,
          null,
          null,
          null,
          null,
          1,
          null,
          1,
          1,
          null,
          1,
          null,
          null,
          null,
          null,
          null,
          null,
          null,
          1,
          null,
          null
        ]
      },
      "/Users/kenl/Turing/3mod/projects/demeter/demeter-fe/config/boot.rb": {
        "lines": [
          1,
          null,
          1,
          1
        ]
      },
      "/Users/kenl/Turing/3mod/projects/demeter/demeter-fe/config/environments/test.rb": {
        "lines": [
          1,
          null,
          null,
          null,
          null,
          null,
          null,
          1,
          null,
          null,
          null,
          null,
          1,
          null,
          null,
          1,
          1,
          null,
          null,
          null,
          null,
          1,
          1,
          null,
          null,
          1,
          null,
          null,
          1,
          null,
          null,
          1,
          null,
          1,
          null,
          null,
          null,
          null,
          1,
          null,
          null,
          1,
          null,
          null,
          null,
          null
        ]
      },
      "/Users/kenl/Turing/3mod/projects/demeter/demeter-fe/config/initializers/application_controller_renderer.rb": {
        "lines": [
          null,
          null,
          null,
          null,
          null,
          null,
          null,
          null
        ]
      },
      "/Users/kenl/Turing/3mod/projects/demeter/demeter-fe/config/initializers/assets.rb": {
        "lines": [
          null,
          null,
          null,
          1,
          null,
          null,
          null,
          null,
          1,
          null,
          null,
          null,
          null,
          null
        ]
      },
      "/Users/kenl/Turing/3mod/projects/demeter/demeter-fe/config/initializers/backtrace_silencers.rb": {
        "lines": [
          null,
          null,
          null,
          null,
          null,
          null,
          null
        ]
      },
      "/Users/kenl/Turing/3mod/projects/demeter/demeter-fe/config/initializers/content_security_policy.rb": {
        "lines": [
          null,
          null,
          null,
          null,
          null,
          null,
          null,
          null,
          null,
          null,
          null,
          null,
          null,
          null,
          null,
          null,
          null,
          null,
          null,
          null,
          null,
          null,
          null,
          null,
          null
        ]
      },
      "/Users/kenl/Turing/3mod/projects/demeter/demeter-fe/config/initializers/cookies_serializer.rb": {
        "lines": [
          null,
          null,
          null,
          null,
          1
        ]
      },
      "/Users/kenl/Turing/3mod/projects/demeter/demeter-fe/config/initializers/filter_parameter_logging.rb": {
        "lines": [
          null,
          null,
          null,
          1
        ]
      },
      "/Users/kenl/Turing/3mod/projects/demeter/demeter-fe/config/initializers/inflections.rb": {
        "lines": [
          null,
          null,
          null,
          null,
          null,
          null,
          null,
          null,
          null,
          null,
          null,
          null,
          null,
          null,
          null,
          null
        ]
      },
      "/Users/kenl/Turing/3mod/projects/demeter/demeter-fe/config/initializers/mime_types.rb": {
        "lines": [
          null,
          null,
          null,
          null
        ]
      },
      "/Users/kenl/Turing/3mod/projects/demeter/demeter-fe/config/initializers/omniauth.rb": {
        "lines": [
          1,
          1,
          null
        ]
      },
      "/Users/kenl/Turing/3mod/projects/demeter/demeter-fe/config/initializers/wrap_parameters.rb": {
        "lines": [
          null,
          null,
          null,
          null,
          null,
          null,
          1,
          2,
          null,
          null,
          null,
          null,
          null,
          null
        ]
      },
      "/Users/kenl/Turing/3mod/projects/demeter/demeter-fe/spec/factories/user.rb": {
        "lines": [
          1,
          1,
          1,
          1,
          1,
          1,
          1,
          null,
          null
        ]
      },
      "/Users/kenl/Turing/3mod/projects/demeter/demeter-fe/config/routes.rb": {
        "lines": [
          1,
          null,
          null,
          1,
          null,
          1,
          null,
          1,
          null,
          1,
          null,
          1,
          null,
          null
        ]
      },
      "/Users/kenl/Turing/3mod/projects/demeter/demeter-fe/app/helpers/application_helper.rb": {
        "lines": [
          1,
          null
        ]
      },
      "/Users/kenl/Turing/3mod/projects/demeter/demeter-fe/app/helpers/gardens_helper.rb": {
        "lines": [
          1,
          null
        ]
      },
      "/Users/kenl/Turing/3mod/projects/demeter/demeter-fe/app/helpers/plants_helper.rb": {
        "lines": [
          1,
          null
        ]
      },
      "/Users/kenl/Turing/3mod/projects/demeter/demeter-fe/app/helpers/plots_helper.rb": {
        "lines": [
          1,
          null
        ]
      },
      "/Users/kenl/Turing/3mod/projects/demeter/demeter-fe/app/helpers/sessions_helper.rb": {
        "lines": [
          1,
          null
        ]
      },
      "/Users/kenl/Turing/3mod/projects/demeter/demeter-fe/app/helpers/users_helper.rb": {
        "lines": [
          1,
          null
        ]
      },
      "/Users/kenl/Turing/3mod/projects/demeter/demeter-fe/app/helpers/welcome_helper.rb": {
        "lines": [
          1,
          null
        ]
      },
      "/Users/kenl/Turing/3mod/projects/demeter/demeter-fe/spec/support/stub_omniauth.rb": {
        "lines": [
          1,
          1,
          1,
          null,
          null,
          null,
          null,
          null
        ]
      },
      "/Users/kenl/Turing/3mod/projects/demeter/demeter-fe/spec/features/users/user_login_spec.rb": {
        "lines": [
          1,
          null,
          1,
          1,
          1,
          1,
          1,
          1,
          1,
          null,
          null,
          null
        ]
      },
      "/Users/kenl/Turing/3mod/projects/demeter/demeter-fe/spec/helpers/gardens_helper_spec.rb": {
        "lines": [
          1,
          null,
          null,
          null,
          null,
          null,
          null,
          null,
          null,
          null,
          null,
          null,
          1,
          1,
          null
        ]
      },
      "/Users/kenl/Turing/3mod/projects/demeter/demeter-fe/spec/helpers/plants_helper_spec.rb": {
        "lines": [
          1,
          null,
          null,
          null,
          null,
          null,
          null,
          null,
          null,
          null,
          null,
          null,
          1,
          1,
          null
        ]
      },
      "/Users/kenl/Turing/3mod/projects/demeter/demeter-fe/spec/helpers/plots_helper_spec.rb": {
        "lines": [
          1,
          null,
          null,
          null,
          null,
          null,
          null,
          null,
          null,
          null,
          null,
          null,
          1,
          1,
          null
        ]
      },
      "/Users/kenl/Turing/3mod/projects/demeter/demeter-fe/spec/helpers/sessions_helper_spec.rb": {
        "lines": [
          1,
          null,
          null,
          null,
          null,
          null,
          null,
          null,
          null,
          null,
          null,
          null,
          1,
          1,
          null
        ]
      },
      "/Users/kenl/Turing/3mod/projects/demeter/demeter-fe/spec/helpers/users_helper_spec.rb": {
        "lines": [
          1,
          null,
          null,
          null,
          null,
          null,
          null,
          null,
          null,
          null,
          null,
          null,
          1,
          1,
          null
        ]
      },
      "/Users/kenl/Turing/3mod/projects/demeter/demeter-fe/spec/helpers/welcome_helper_spec.rb": {
        "lines": [
          1,
          null,
          null,
          null,
          null,
          null,
          null,
          null,
          null,
          null,
          null,
          null,
          1,
          1,
          null
        ]
      },
      "/Users/kenl/Turing/3mod/projects/demeter/demeter-fe/spec/models/user_spec.rb": {
        "lines": [
          1,
          null,
          1,
          null,
          null
        ]
      },
      "/Users/kenl/Turing/3mod/projects/demeter/demeter-fe/app/models/user.rb": {
        "lines": [
          1,
          1,
          1,
          1,
          1,
          null,
          null,
          null
        ]
      },
      "/Users/kenl/Turing/3mod/projects/demeter/demeter-fe/app/models/application_record.rb": {
        "lines": [
          1,
          1,
          null
        ]
      },
      "/Users/kenl/Turing/3mod/projects/demeter/demeter-fe/spec/requests/gardens_spec.rb": {
        "lines": [
          1,
          null,
          1,
          1,
          1,
          0,
          0,
          null,
          null,
          null,
          1,
          1,
          0,
          0,
          null,
          null,
          null,
          1,
          1,
          0,
          0,
          null,
          null,
          null,
          1,
          1,
          0,
          0,
          null,
          null,
          null
        ]
      },
      "/Users/kenl/Turing/3mod/projects/demeter/demeter-fe/spec/requests/plants_spec.rb": {
        "lines": [
          1,
          null,
          1,
          1,
          1,
          0,
          0,
          null,
          null,
          null,
          1,
          1,
          0,
          0,
          null,
          null,
          null,
          1,
          1,
          0,
          0,
          null,
          null,
          null,
          1,
          1,
          0,
          0,
          null,
          null,
          null,
          null
        ]
      },
      "/Users/kenl/Turing/3mod/projects/demeter/demeter-fe/spec/requests/plots_spec.rb": {
        "lines": [
          1,
          null,
          1,
          1,
          1,
          0,
          0,
          null,
          null,
          null,
          1,
          1,
          0,
          0,
          null,
          null,
          null,
          1,
          1,
          0,
          0,
          null,
          null,
          null,
          1,
          1,
          0,
          0,
          null,
          null,
          null,
          null
        ]
      },
      "/Users/kenl/Turing/3mod/projects/demeter/demeter-fe/spec/requests/sessions_spec.rb": {
        "lines": [
          1,
          null,
          1,
          1,
          1,
          0,
          0,
          null,
          null,
          null,
          1,
          1,
          0,
          0,
          null,
          null,
          null,
          null
        ]
      },
      "/Users/kenl/Turing/3mod/projects/demeter/demeter-fe/spec/requests/users_spec.rb": {
        "lines": [
          1,
          null,
          1,
          1,
          1,
          0,
          0,
          null,
          null,
          null,
          1,
          1,
          0,
          0,
          null,
          null,
          null,
          null
        ]
      },
      "/Users/kenl/Turing/3mod/projects/demeter/demeter-fe/spec/requests/welcome_spec.rb": {
        "lines": [
          1,
          null,
          1,
          1,
          1,
          0,
          0,
          null,
          null,
          null,
          null
        ]
      },
      "/Users/kenl/Turing/3mod/projects/demeter/demeter-fe/spec/views/gardens/create.html.erb_spec.rb": {
        "lines": [
          1,
          null,
          1,
          1,
          null
        ]
      },
      "/Users/kenl/Turing/3mod/projects/demeter/demeter-fe/spec/views/gardens/destroy.html.erb_spec.rb": {
        "lines": [
          1,
          null,
          1,
          1,
          null
        ]
      },
      "/Users/kenl/Turing/3mod/projects/demeter/demeter-fe/spec/views/gardens/new.html.erb_spec.rb": {
        "lines": [
          1,
          null,
          1,
          1,
          null
        ]
      },
      "/Users/kenl/Turing/3mod/projects/demeter/demeter-fe/spec/views/gardens/show.html.erb_spec.rb": {
        "lines": [
          1,
          null,
          1,
          1,
          null
        ]
      },
      "/Users/kenl/Turing/3mod/projects/demeter/demeter-fe/spec/views/plants/create.html.erb_spec.rb": {
        "lines": [
          1,
          null,
          1,
          1,
          null
        ]
      },
      "/Users/kenl/Turing/3mod/projects/demeter/demeter-fe/spec/views/plants/destroy.html.erb_spec.rb": {
        "lines": [
          1,
          null,
          1,
          1,
          null
        ]
      },
      "/Users/kenl/Turing/3mod/projects/demeter/demeter-fe/spec/views/plants/new.html.erb_spec.rb": {
        "lines": [
          1,
          null,
          1,
          1,
          null
        ]
      },
      "/Users/kenl/Turing/3mod/projects/demeter/demeter-fe/spec/views/plants/show.html.erb_spec.rb": {
        "lines": [
          1,
          null,
          1,
          1,
          null
        ]
      },
      "/Users/kenl/Turing/3mod/projects/demeter/demeter-fe/spec/views/plots/create.html.erb_spec.rb": {
        "lines": [
          1,
          null,
          1,
          1,
          null
        ]
      },
      "/Users/kenl/Turing/3mod/projects/demeter/demeter-fe/spec/views/plots/destroy.html.erb_spec.rb": {
        "lines": [
          1,
          null,
          1,
          1,
          null
        ]
      },
      "/Users/kenl/Turing/3mod/projects/demeter/demeter-fe/spec/views/plots/new.html.erb_spec.rb": {
        "lines": [
          1,
          null,
          1,
          1,
          null
        ]
      },
      "/Users/kenl/Turing/3mod/projects/demeter/demeter-fe/spec/views/plots/show.html.erb_spec.rb": {
        "lines": [
          1,
          null,
          1,
          1,
          null
        ]
      },
      "/Users/kenl/Turing/3mod/projects/demeter/demeter-fe/spec/views/sessions/login.html.erb_spec.rb": {
        "lines": [
          1,
          null,
          1,
          1,
          null
        ]
      },
      "/Users/kenl/Turing/3mod/projects/demeter/demeter-fe/spec/views/sessions/logout.html.erb_spec.rb": {
        "lines": [
          1,
          null,
          1,
          1,
          null
        ]
      },
      "/Users/kenl/Turing/3mod/projects/demeter/demeter-fe/spec/views/users/index.html.erb_spec.rb": {
        "lines": [
          1,
          null,
          1,
          1,
          null
        ]
      },
      "/Users/kenl/Turing/3mod/projects/demeter/demeter-fe/spec/views/users/show.html.erb_spec.rb": {
        "lines": [
          1,
          null,
          1,
          1,
          null
        ]
      },
      "/Users/kenl/Turing/3mod/projects/demeter/demeter-fe/spec/views/welcome/index.html.erb_spec.rb": {
        "lines": [
          1,
          null,
          1,
          1,
          null
        ]
      },
      "/Users/kenl/Turing/3mod/projects/demeter/demeter-fe/app/controllers/welcome_controller.rb": {
        "lines": [
          1,
          1,
          null,
          null
        ]
      },
      "/Users/kenl/Turing/3mod/projects/demeter/demeter-fe/app/controllers/application_controller.rb": {
        "lines": [
          1,
          null
        ]
      },
      "/Users/kenl/Turing/3mod/projects/demeter/demeter-fe/app/controllers/sessions_controller.rb": {
        "lines": [
          1,
          1,
          1,
          1,
          1,
          1,
          1,
          null,
          0,
          0,
          null,
          null,
          null,
          1,
          0,
          0,
          null,
          null
        ]
      },
      "/Users/kenl/Turing/3mod/projects/demeter/demeter-fe/app/controllers/users_controller.rb": {
        "lines": [
          1,
          1,
          null,
          null,
          1,
          null,
          null
        ]
      }
    },
    "timestamp": 1667423478
  }
}
